23-May-2018 06:16:34.589 INFO [main] org.apache.catalina.startup.VersionLoggerListener.log Server version:        Apache Tomcat/8.5.31
23-May-2018 06:16:34.622 INFO [main] org.apache.catalina.startup.VersionLoggerListener.log Server built:          Apr 27 2018 20:24:25 UTC
23-May-2018 06:16:34.623 INFO [main] org.apache.catalina.startup.VersionLoggerListener.log Server number:         8.5.31.0
23-May-2018 06:16:34.623 INFO [main] org.apache.catalina.startup.VersionLoggerListener.log OS Name:               Linux
23-May-2018 06:16:34.623 INFO [main] org.apache.catalina.startup.VersionLoggerListener.log OS Version:            4.4.34-v7+
23-May-2018 06:16:34.624 INFO [main] org.apache.catalina.startup.VersionLoggerListener.log Architecture:          arm
23-May-2018 06:16:34.624 INFO [main] org.apache.catalina.startup.VersionLoggerListener.log Java Home:             /usr/lib/jvm/jdk-8-oracle-arm32-vfp-hflt/jre
23-May-2018 06:16:34.625 INFO [main] org.apache.catalina.startup.VersionLoggerListener.log JVM Version:           1.8.0_65-b17
23-May-2018 06:16:34.625 INFO [main] org.apache.catalina.startup.VersionLoggerListener.log JVM Vendor:            Oracle Corporation
23-May-2018 06:16:34.626 INFO [main] org.apache.catalina.startup.VersionLoggerListener.log CATALINA_BASE:         /home/pi/apache-tomcat-8.5.31
23-May-2018 06:16:34.626 INFO [main] org.apache.catalina.startup.VersionLoggerListener.log CATALINA_HOME:         /home/pi/apache-tomcat-8.5.31
23-May-2018 06:16:34.628 INFO [main] org.apache.catalina.startup.VersionLoggerListener.log Command line argument: -Djava.util.logging.config.file=/home/pi/apache-tomcat-8.5.31/conf/logging.properties
23-May-2018 06:16:34.628 INFO [main] org.apache.catalina.startup.VersionLoggerListener.log Command line argument: -Djava.util.logging.manager=org.apache.juli.ClassLoaderLogManager
23-May-2018 06:16:34.629 INFO [main] org.apache.catalina.startup.VersionLoggerListener.log Command line argument: -Djdk.tls.ephemeralDHKeySize=2048
23-May-2018 06:16:34.629 INFO [main] org.apache.catalina.startup.VersionLoggerListener.log Command line argument: -Djava.protocol.handler.pkgs=org.apache.catalina.webresources
23-May-2018 06:16:34.630 INFO [main] org.apache.catalina.startup.VersionLoggerListener.log Command line argument: -Dorg.apache.catalina.security.SecurityListener.UMASK=0027
23-May-2018 06:16:34.630 INFO [main] org.apache.catalina.startup.VersionLoggerListener.log Command line argument: -Dignore.endorsed.dirs=
23-May-2018 06:16:34.631 INFO [main] org.apache.catalina.startup.VersionLoggerListener.log Command line argument: -Dcatalina.base=/home/pi/apache-tomcat-8.5.31
23-May-2018 06:16:34.631 INFO [main] org.apache.catalina.startup.VersionLoggerListener.log Command line argument: -Dcatalina.home=/home/pi/apache-tomcat-8.5.31
23-May-2018 06:16:34.632 INFO [main] org.apache.catalina.startup.VersionLoggerListener.log Command line argument: -Djava.io.tmpdir=/home/pi/apache-tomcat-8.5.31/temp
23-May-2018 06:16:34.632 INFO [main] org.apache.catalina.core.AprLifecycleListener.lifecycleEvent The APR based Apache Tomcat Native library which allows optimal performance in production environments was not found on the java.library.path: [/usr/java/packages/lib/arm:/lib:/usr/lib]
23-May-2018 06:16:35.471 INFO [main] org.apache.coyote.AbstractProtocol.init Initializing ProtocolHandler ["http-nio-8080"]
23-May-2018 06:16:35.580 INFO [main] org.apache.tomcat.util.net.NioSelectorPool.getSharedSelector Using a shared selector for servlet write/read
23-May-2018 06:16:35.614 INFO [main] org.apache.coyote.AbstractProtocol.init Initializing ProtocolHandler ["ajp-nio-8009"]
23-May-2018 06:16:35.619 INFO [main] org.apache.tomcat.util.net.NioSelectorPool.getSharedSelector Using a shared selector for servlet write/read
23-May-2018 06:16:35.621 INFO [main] org.apache.catalina.startup.Catalina.load Initialization processed in 3040 ms
23-May-2018 06:16:35.749 INFO [main] org.apache.catalina.core.StandardService.startInternal Starting service [Catalina]
23-May-2018 06:16:35.749 INFO [main] org.apache.catalina.core.StandardEngine.startInternal Starting Servlet Engine: Apache Tomcat/8.5.31
23-May-2018 06:16:35.804 INFO [localhost-startStop-1] org.apache.catalina.startup.HostConfig.deployDirectory Deploying web application directory [/home/pi/apache-tomcat-8.5.31/webapps/docs]
23-May-2018 06:16:37.576 INFO [localhost-startStop-1] org.apache.catalina.startup.HostConfig.deployDirectory Deployment of web application directory [/home/pi/apache-tomcat-8.5.31/webapps/docs] has finished in [1,768] ms
23-May-2018 06:16:37.577 INFO [localhost-startStop-1] org.apache.catalina.startup.HostConfig.deployDirectory Deploying web application directory [/home/pi/apache-tomcat-8.5.31/webapps/ROOT]
23-May-2018 06:16:37.645 INFO [localhost-startStop-1] org.apache.catalina.startup.HostConfig.deployDirectory Deployment of web application directory [/home/pi/apache-tomcat-8.5.31/webapps/ROOT] has finished in [68] ms
23-May-2018 06:16:37.646 INFO [localhost-startStop-1] org.apache.catalina.startup.HostConfig.deployDirectory Deploying web application directory [/home/pi/apache-tomcat-8.5.31/webapps/examples]
23-May-2018 06:16:38.536 INFO [localhost-startStop-1] org.apache.catalina.startup.HostConfig.deployDirectory Deployment of web application directory [/home/pi/apache-tomcat-8.5.31/webapps/examples] has finished in [891] ms
23-May-2018 06:16:38.537 INFO [localhost-startStop-1] org.apache.catalina.startup.HostConfig.deployDirectory Deploying web application directory [/home/pi/apache-tomcat-8.5.31/webapps/host-manager]
23-May-2018 06:16:38.635 INFO [localhost-startStop-1] org.apache.catalina.startup.HostConfig.deployDirectory Deployment of web application directory [/home/pi/apache-tomcat-8.5.31/webapps/host-manager] has finished in [97] ms
23-May-2018 06:16:38.635 INFO [localhost-startStop-1] org.apache.catalina.startup.HostConfig.deployDirectory Deploying web application directory [/home/pi/apache-tomcat-8.5.31/webapps/manager]
23-May-2018 06:16:38.736 INFO [localhost-startStop-1] org.apache.catalina.startup.HostConfig.deployDirectory Deployment of web application directory [/home/pi/apache-tomcat-8.5.31/webapps/manager] has finished in [101] ms
23-May-2018 06:16:38.737 INFO [localhost-startStop-1] org.apache.catalina.startup.HostConfig.deployDirectory Deploying web application directory [/home/pi/apache-tomcat-8.5.31/webapps/MyApp]
23-May-2018 06:16:38.832 INFO [localhost-startStop-1] org.apache.catalina.startup.HostConfig.deployDirectory Deployment of web application directory [/home/pi/apache-tomcat-8.5.31/webapps/MyApp] has finished in [96] ms
23-May-2018 06:16:38.846 INFO [main] org.apache.coyote.AbstractProtocol.start Starting ProtocolHandler ["http-nio-8080"]
23-May-2018 06:16:38.876 INFO [main] org.apache.coyote.AbstractProtocol.start Starting ProtocolHandler ["ajp-nio-8009"]
23-May-2018 06:16:38.881 INFO [main] org.apache.catalina.startup.Catalina.start Server startup in 3259 ms
23-May-2018 06:45:13.632 INFO [main] org.apache.catalina.startup.VersionLoggerListener.log Server version:        Apache Tomcat/8.5.31
23-May-2018 06:45:13.641 INFO [main] org.apache.catalina.startup.VersionLoggerListener.log Server built:          Apr 27 2018 20:24:25 UTC
23-May-2018 06:45:13.641 INFO [main] org.apache.catalina.startup.VersionLoggerListener.log Server number:         8.5.31.0
23-May-2018 06:45:13.642 INFO [main] org.apache.catalina.startup.VersionLoggerListener.log OS Name:               Linux
23-May-2018 06:45:13.642 INFO [main] org.apache.catalina.startup.VersionLoggerListener.log OS Version:            4.4.34-v7+
23-May-2018 06:45:13.643 INFO [main] org.apache.catalina.startup.VersionLoggerListener.log Architecture:          arm
23-May-2018 06:45:13.643 INFO [main] org.apache.catalina.startup.VersionLoggerListener.log Java Home:             /usr/lib/jvm/jdk-8-oracle-arm32-vfp-hflt/jre
23-May-2018 06:45:13.643 INFO [main] org.apache.catalina.startup.VersionLoggerListener.log JVM Version:           1.8.0_65-b17
23-May-2018 06:45:13.644 INFO [main] org.apache.catalina.startup.VersionLoggerListener.log JVM Vendor:            Oracle Corporation
23-May-2018 06:45:13.644 INFO [main] org.apache.catalina.startup.VersionLoggerListener.log CATALINA_BASE:         /home/pi/apache-tomcat-8.5.31
23-May-2018 06:45:13.645 INFO [main] org.apache.catalina.startup.VersionLoggerListener.log CATALINA_HOME:         /home/pi/apache-tomcat-8.5.31
23-May-2018 06:45:13.646 INFO [main] org.apache.catalina.startup.VersionLoggerListener.log Command line argument: -Djava.util.logging.config.file=/home/pi/apache-tomcat-8.5.31/conf/logging.properties
23-May-2018 06:45:13.647 INFO [main] org.apache.catalina.startup.VersionLoggerListener.log Command line argument: -Djava.util.logging.manager=org.apache.juli.ClassLoaderLogManager
23-May-2018 06:45:13.648 INFO [main] org.apache.catalina.startup.VersionLoggerListener.log Command line argument: -Djdk.tls.ephemeralDHKeySize=2048
23-May-2018 06:45:13.648 INFO [main] org.apache.catalina.startup.VersionLoggerListener.log Command line argument: -Djava.protocol.handler.pkgs=org.apache.catalina.webresources
23-May-2018 06:45:13.649 INFO [main] org.apache.catalina.startup.VersionLoggerListener.log Command line argument: -Dorg.apache.catalina.security.SecurityListener.UMASK=0027
23-May-2018 06:45:13.649 INFO [main] org.apache.catalina.startup.VersionLoggerListener.log Command line argument: -Dignore.endorsed.dirs=
23-May-2018 06:45:13.649 INFO [main] org.apache.catalina.startup.VersionLoggerListener.log Command line argument: -Dcatalina.base=/home/pi/apache-tomcat-8.5.31
23-May-2018 06:45:13.650 INFO [main] org.apache.catalina.startup.VersionLoggerListener.log Command line argument: -Dcatalina.home=/home/pi/apache-tomcat-8.5.31
23-May-2018 06:45:13.650 INFO [main] org.apache.catalina.startup.VersionLoggerListener.log Command line argument: -Djava.io.tmpdir=/home/pi/apache-tomcat-8.5.31/temp
23-May-2018 06:45:13.651 INFO [main] org.apache.catalina.core.AprLifecycleListener.lifecycleEvent The APR based Apache Tomcat Native library which allows optimal performance in production environments was not found on the java.library.path: [/usr/java/packages/lib/arm:/lib:/usr/lib]
23-May-2018 06:45:14.143 INFO [main] org.apache.coyote.AbstractProtocol.init Initializing ProtocolHandler ["http-nio-8080"]
23-May-2018 06:45:14.209 INFO [main] org.apache.tomcat.util.net.NioSelectorPool.getSharedSelector Using a shared selector for servlet write/read
23-May-2018 06:45:14.238 INFO [main] org.apache.coyote.AbstractProtocol.init Initializing ProtocolHandler ["ajp-nio-8009"]
23-May-2018 06:45:14.243 INFO [main] org.apache.tomcat.util.net.NioSelectorPool.getSharedSelector Using a shared selector for servlet write/read
23-May-2018 06:45:14.245 INFO [main] org.apache.catalina.startup.Catalina.load Initialization processed in 2119 ms
23-May-2018 06:45:14.340 INFO [main] org.apache.catalina.core.StandardService.startInternal Starting service [Catalina]
23-May-2018 06:45:14.340 INFO [main] org.apache.catalina.core.StandardEngine.startInternal Starting Servlet Engine: Apache Tomcat/8.5.31
23-May-2018 06:45:14.371 INFO [localhost-startStop-1] org.apache.catalina.startup.HostConfig.deployDirectory Deploying web application directory [/home/pi/apache-tomcat-8.5.31/webapps/docs]
23-May-2018 06:45:15.831 INFO [localhost-startStop-1] org.apache.catalina.startup.HostConfig.deployDirectory Deployment of web application directory [/home/pi/apache-tomcat-8.5.31/webapps/docs] has finished in [1,458] ms
23-May-2018 06:45:15.832 INFO [localhost-startStop-1] org.apache.catalina.startup.HostConfig.deployDirectory Deploying web application directory [/home/pi/apache-tomcat-8.5.31/webapps/ROOT]
23-May-2018 06:45:15.900 INFO [localhost-startStop-1] org.apache.catalina.startup.HostConfig.deployDirectory Deployment of web application directory [/home/pi/apache-tomcat-8.5.31/webapps/ROOT] has finished in [68] ms
23-May-2018 06:45:15.901 INFO [localhost-startStop-1] org.apache.catalina.startup.HostConfig.deployDirectory Deploying web application directory [/home/pi/apache-tomcat-8.5.31/webapps/examples]
23-May-2018 06:45:16.819 INFO [localhost-startStop-1] org.apache.catalina.startup.HostConfig.deployDirectory Deployment of web application directory [/home/pi/apache-tomcat-8.5.31/webapps/examples] has finished in [918] ms
23-May-2018 06:45:16.820 INFO [localhost-startStop-1] org.apache.catalina.startup.HostConfig.deployDirectory Deploying web application directory [/home/pi/apache-tomcat-8.5.31/webapps/host-manager]
23-May-2018 06:45:16.917 INFO [localhost-startStop-1] org.apache.catalina.startup.HostConfig.deployDirectory Deployment of web application directory [/home/pi/apache-tomcat-8.5.31/webapps/host-manager] has finished in [96] ms
23-May-2018 06:45:16.917 INFO [localhost-startStop-1] org.apache.catalina.startup.HostConfig.deployDirectory Deploying web application directory [/home/pi/apache-tomcat-8.5.31/webapps/manager]
23-May-2018 06:45:17.017 INFO [localhost-startStop-1] org.apache.catalina.startup.HostConfig.deployDirectory Deployment of web application directory [/home/pi/apache-tomcat-8.5.31/webapps/manager] has finished in [99] ms
23-May-2018 06:45:17.017 INFO [localhost-startStop-1] org.apache.catalina.startup.HostConfig.deployDirectory Deploying web application directory [/home/pi/apache-tomcat-8.5.31/webapps/MyApp]
23-May-2018 06:45:17.098 INFO [localhost-startStop-1] org.apache.catalina.startup.HostConfig.deployDirectory Deployment of web application directory [/home/pi/apache-tomcat-8.5.31/webapps/MyApp] has finished in [81] ms
23-May-2018 06:45:17.113 INFO [main] org.apache.coyote.AbstractProtocol.start Starting ProtocolHandler ["http-nio-8080"]
23-May-2018 06:45:17.143 INFO [main] org.apache.coyote.AbstractProtocol.start Starting ProtocolHandler ["ajp-nio-8009"]
23-May-2018 06:45:17.148 INFO [main] org.apache.catalina.startup.Catalina.start Server startup in 2902 ms
